2019-03-25T20:56:13.4790295Z,Updating submodules.,db1fdd41-3227-4334-9a92-38c33198e24a,0
2019-03-25T20:56:13.5721823Z,Preparing deployment for commit id 'd253ea7e8e'.,6cf03f0f-3cdd-4522-8c1a-6f812c4d2507,0
2019-03-25T20:56:13.9785243Z,Generating deployment script.,1e28f910-dedb-48eb-988f-1fadbe423971,0
	2019-03-25T20:56:14.0878081Z,Using cached version of deployment script (command: 'azure -y --no-dot-deployment -r "D:\home\site\repository" -o "D:\home\site\deployments\tools" --python --sitePath "D:\home\site\repository"').,,0
2019-03-25T20:56:14.1503144Z,Running deployment command...,a420ec49-3c9e-444e-aa2b-2a3d8e7ec865,0
	2019-03-25T20:56:14.1503144Z,Command: "D:\home\site\deployments\tools\deploy.cmd",,0
	2019-03-25T20:56:16.6972027Z,Handling python deployment.,,0
	2019-03-25T20:56:17.3065787Z,Creating app_offline.htm,,0
	2019-03-25T20:56:17.3065787Z,KuduSync.NET from: 'D:\home\site\repository' to: 'D:\home\site\wwwroot',,0
	2019-03-25T20:56:17.3222067Z,Copying file: 'templates\my-form.html',,0
	2019-03-25T20:56:17.3379336Z,Deleting app_offline.htm,,0
	2019-03-25T20:56:17.3690807Z,Detected requirements.txt.  You can skip Python specific steps with a .skipPythonDeployment file.,,0
	2019-03-25T20:56:17.7753339Z,Detecting Python runtime from site configuration,,0
	2019-03-25T20:56:17.7918309Z,Detected python-3.6,,0
	2019-03-25T20:56:17.8416060Z,Found compatible virtual environment.,,0
	2019-03-25T20:56:17.8416060Z,Pip install requirements.,,0
	2019-03-25T20:56:22.8065199Z,Requirement already satisfied: Flask==0.12.1 in d:\home\site\wwwroot\env\lib\site-packages (from -r requirements.txt (line 1)) (0.12.1),,0
	2019-03-25T20:56:22.8221726Z,Requirement already satisfied: pyodbc==4.0.26 in d:\home\site\wwwroot\env\lib\site-packages (from -r requirements.txt (line 2)) (4.0.26),,0
	2019-03-25T20:56:22.8533994Z,Requirement already satisfied: redis==3.2.0 in d:\home\site\wwwroot\env\lib\site-packages (from -r requirements.txt (line 3)) (3.2.0),,0
	2019-03-25T20:56:22.8867914Z,Requirement already satisfied: grpcio==1.14.2 in d:\home\site\wwwroot\env\lib\site-packages (from -r requirements.txt (line 4)) (1.14.2),,0
	2019-03-25T20:56:23.2908940Z,You are using pip version 10.0.1&comma; however version 19.0.3 is available.,,1
	2019-03-25T20:56:23.4945155Z,Requirement already satisfied: grpcio-tools==1.14.2 in d:\home\site\wwwroot\env\lib\site-packages (from -r requirements.txt (line 5)) (1.14.2),,0
	2019-03-25T20:56:23.5252745Z,Requirement already satisfied: protobuf==3.6.1 in d:\home\site\wwwroot\env\lib\site-packages (from -r requirements.txt (line 6)) (3.6.1),,0
	2019-03-25T20:56:23.5252745Z,Requirement already satisfied: six==1.12.0 in d:\home\site\wwwroot\env\lib\site-packages (from -r requirements.txt (line 7)) (1.12.0),,0
	2019-03-25T20:56:23.5252745Z,Requirement already satisfied: azure-functions==1.0.0a5 in d:\home\site\wwwroot\env\lib\site-packages (from -r requirements.txt (line 8)) (1.0.0a5),,0
	2019-03-25T20:56:23.5252745Z,Requirement already satisfied: azure-functions-worker==1.0.0a6 in d:\home\site\wwwroot\env\lib\site-packages (from -r requirements.txt (line 9)) (1.0.0a6),,0
	2019-03-25T20:56:23.5408953Z,Requirement already satisfied: itsdangerous>=0.21 in d:\home\site\wwwroot\env\lib\site-packages (from Flask==0.12.1->-r requirements.txt (line 1)) (1.1.0),,0
	2019-03-25T20:56:23.5565226Z,Requirement already satisfied: click>=2.0 in d:\home\site\wwwroot\env\lib\site-packages (from Flask==0.12.1->-r requirements.txt (line 1)) (7.0),,0
	2019-03-25T20:56:23.5565226Z,Requirement already satisfied: Werkzeug>=0.7 in d:\home\site\wwwroot\env\lib\site-packages (from Flask==0.12.1->-r requirements.txt (line 1)) (0.15.1),,0
	2019-03-25T20:56:23.5565226Z,Requirement already satisfied: Jinja2>=2.4 in d:\home\site\wwwroot\env\lib\site-packages (from Flask==0.12.1->-r requirements.txt (line 1)) (2.10),,0
	2019-03-25T20:56:23.5721461Z,Requirement already satisfied: setuptools in d:\home\site\wwwroot\env\lib\site-packages (from protobuf==3.6.1->-r requirements.txt (line 6)) (39.0.1),,0
	2019-03-25T20:56:23.5721461Z,Requirement already satisfied: MarkupSafe>=0.23 in d:\home\site\wwwroot\env\lib\site-packages (from Jinja2>=2.4->Flask==0.12.1->-r requirements.txt (line 1)) (1.1.1),,0
	2019-03-25T20:56:23.5721461Z,Overwriting web.config with web.3.6.config,,0
	2019-03-25T20:56:23.5877683Z,        1 file(s) copied.,,0
	2019-03-25T20:56:23.5877683Z,Finished successfully.,,0
	2019-03-25T20:56:23.5877683Z,You should consider upgrading via the 'python -m pip install --upgrade pip' command.,,1
2019-03-25T20:56:23.6819198Z,Running post deployment command(s)...,562b8464-fba5-464d-9f36-3cb8a048582f,0
2019-03-25T20:56:23.8221570Z,Deployment successful.,f1f2cdd3-dd56-46d0-8fb6-265abe2570a8,0
