2019-04-03T19:35:08.3094369Z,Updating submodules.,3ac55a8e-d791-41a1-b8cf-8eccaa1f252b,0
2019-04-03T19:35:08.4656921Z,Preparing deployment for commit id 'a85becce2a'.,791d2f4f-eeb4-4f1f-bb77-85ee2befc0d5,0
2019-04-03T19:35:08.8781628Z,Generating deployment script.,028d06ab-bafb-4eff-b0f2-e4a07a707b1e,0
	2019-04-03T19:35:09.0498145Z,Using cached version of deployment script (command: 'azure -y --no-dot-deployment -r "D:\home\site\repository" -o "D:\home\site\deployments\tools" --python --sitePath "D:\home\site\repository"').,,0
2019-04-03T19:35:09.1124242Z,Running deployment command...,ac2a0add-604a-4a5f-958e-10c037df6fad,0
	2019-04-03T19:35:09.1279395Z,Command: "D:\home\site\deployments\tools\deploy.cmd",,0
	2019-04-03T19:35:12.5043798Z,Handling python deployment.,,0
	2019-04-03T19:35:14.7938449Z,Creating app_offline.htm,,0
	2019-04-03T19:35:14.8094613Z,KuduSync.NET from: 'D:\home\site\repository' to: 'D:\home\site\wwwroot',,0
	2019-04-03T19:35:14.8094613Z,Copying file: 'main.py',,0
	2019-04-03T19:35:14.8250954Z,Copying file: 'templates\kmeans.html',,0
	2019-04-03T19:35:14.8420581Z,Copying file: 'templates\my-form.html',,0
	2019-04-03T19:35:14.8420581Z,Deleting app_offline.htm,,0
	2019-04-03T19:35:14.8875923Z,Detected requirements.txt.  You can skip Python specific steps with a .skipPythonDeployment file.,,0
	2019-04-03T19:35:16.2314097Z,Detecting Python runtime from site configuration,,0
	2019-04-03T19:35:16.2314097Z,Detected python-3.6,,0
	2019-04-03T19:35:16.2782885Z,Found compatible virtual environment.,,0
	2019-04-03T19:35:16.2939143Z,Pip install requirements.,,0
	2019-04-03T19:35:41.0090633Z,Requirement already satisfied: Flask==0.12.1 in d:\home\site\wwwroot\env\lib\site-packages (from -r requirements.txt (line 1)) (0.12.1),,0
	2019-04-03T19:35:41.0559382Z,Requirement already satisfied: pyodbc==4.0.26 in d:\home\site\wwwroot\env\lib\site-packages (from -r requirements.txt (line 2)) (4.0.26),,0
	2019-04-03T19:35:41.0873739Z,Requirement already satisfied: redis==3.2.0 in d:\home\site\wwwroot\env\lib\site-packages (from -r requirements.txt (line 3)) (3.2.0),,0
	2019-04-03T19:35:41.1653202Z,Requirement already satisfied: grpcio==1.14.2 in d:\home\site\wwwroot\env\lib\site-packages (from -r requirements.txt (line 4)) (1.14.2),,0
	2019-04-03T19:35:41.1809498Z,Requirement already satisfied: grpcio-tools==1.14.2 in d:\home\site\wwwroot\env\lib\site-packages (from -r requirements.txt (line 5)) (1.14.2),,0
	2019-04-03T19:35:41.2278428Z,Requirement already satisfied: protobuf==3.6.1 in d:\home\site\wwwroot\env\lib\site-packages (from -r requirements.txt (line 6)) (3.6.1),,0
	2019-04-03T19:35:41.2590760Z,Requirement already satisfied: six==1.12.0 in d:\home\site\wwwroot\env\lib\site-packages (from -r requirements.txt (line 7)) (1.12.0),,0
	2019-04-03T19:35:41.4153353Z,Requirement already satisfied: azure-functions==1.0.0a5 in d:\home\site\wwwroot\env\lib\site-packages (from -r requirements.txt (line 8)) (1.0.0a5),,0
	2019-04-03T19:35:41.4465858Z,Requirement already satisfied: azure-functions-worker==1.0.0a6 in d:\home\site\wwwroot\env\lib\site-packages (from -r requirements.txt (line 9)) (1.0.0a6),,0
	2019-04-03T19:35:41.5090981Z,Requirement already satisfied: click>=2.0 in d:\home\site\wwwroot\env\lib\site-packages (from Flask==0.12.1->-r requirements.txt (line 1)) (7.0),,0
	2019-04-03T19:35:41.5403643Z,Requirement already satisfied: itsdangerous>=0.21 in d:\home\site\wwwroot\env\lib\site-packages (from Flask==0.12.1->-r requirements.txt (line 1)) (1.1.0),,0
	2019-04-03T19:35:41.5716167Z,Requirement already satisfied: Werkzeug>=0.7 in d:\home\site\wwwroot\env\lib\site-packages (from Flask==0.12.1->-r requirements.txt (line 1)) (0.15.1),,0
	2019-04-03T19:35:41.6809710Z,Requirement already satisfied: Jinja2>=2.4 in d:\home\site\wwwroot\env\lib\site-packages (from Flask==0.12.1->-r requirements.txt (line 1)) (2.10),,0
	2019-04-03T19:35:41.7278491Z,Requirement already satisfied: setuptools in d:\home\site\wwwroot\env\lib\site-packages (from protobuf==3.6.1->-r requirements.txt (line 6)) (39.0.1),,0
	2019-04-03T19:35:41.8216046Z,Requirement already satisfied: MarkupSafe>=0.23 in d:\home\site\wwwroot\env\lib\site-packages (from Jinja2>=2.4->Flask==0.12.1->-r requirements.txt (line 1)) (1.1.1),,0
	2019-04-03T19:35:43.0040897Z,You are using pip version 10.0.1&comma; however version 19.0.3 is available.,,1
	2019-04-03T19:35:43.0197219Z,You should consider upgrading via the 'python -m pip install --upgrade pip' command.,,1
	2019-04-03T19:35:43.1759751Z,Overwriting web.config with web.3.6.config,,0
	2019-04-03T19:35:43.2889315Z,        1 file(s) copied.,,0
	2019-04-03T19:35:43.3201990Z,Finished successfully.,,0
2019-04-03T19:35:43.4296160Z,Running post deployment command(s)...,27f67ceb-3402-4dc3-9c09-95dbdd7ec06e,0
2019-04-03T19:35:43.5858379Z,Deployment successful.,f1fc3d4d-b31b-4b4e-a5f1-08f094b88922,0
