2019-03-25T20:29:56.9273598Z,Updating submodules.,b7366a5f-0741-492b-9f05-d813c2989223,0
2019-03-25T20:29:56.9898682Z,Preparing deployment for commit id '68a9010fdb'.,0ad49469-de59-4abd-84d6-dfe2c20c1b6f,0
2019-03-25T20:29:57.1617285Z,Generating deployment script.,618c6849-a216-4a23-858f-a8ff0039f9d3,0
	2019-03-25T20:29:57.2086118Z,Using cached version of deployment script (command: 'azure -y --no-dot-deployment -r "D:\home\site\repository" -o "D:\home\site\deployments\tools" --python --sitePath "D:\home\site\repository"').,,0
2019-03-25T20:29:57.2711591Z,Running deployment command...,730b0bd6-ce1e-4d19-be55-9d65c68e36ce,0
	2019-03-25T20:29:57.2867635Z,Command: "D:\home\site\deployments\tools\deploy.cmd",,0
	2019-03-25T20:29:59.8191523Z,Handling python deployment.,,0
	2019-03-25T20:30:00.3805032Z,Creating app_offline.htm,,0
	2019-03-25T20:30:00.3805032Z,KuduSync.NET from: 'D:\home\site\repository' to: 'D:\home\site\wwwroot',,0
	2019-03-25T20:30:00.3968182Z,Copying file: 'requirements.txt',,0
	2019-03-25T20:30:00.3968182Z,Deleting app_offline.htm,,0
	2019-03-25T20:30:00.4117467Z,Detected requirements.txt.  You can skip Python specific steps with a .skipPythonDeployment file.,,0
	2019-03-25T20:30:00.7711267Z,Detecting Python runtime from site configuration,,0
	2019-03-25T20:30:00.7867520Z,Detected python-3.6,,0
	2019-03-25T20:30:00.8180009Z,Found compatible virtual environment.,,0
	2019-03-25T20:30:00.8180009Z,Pip install requirements.,,0
	2019-03-25T20:30:05.6774426Z,Collecting Flask==0.12.1 (from -r requirements.txt (line 1)),,0
	2019-03-25T20:30:06.2405897Z,  Downloading https://files.pythonhosted.org/packages/f4/43/fb2d5fb1d10e1d0402dd57836cf9a78b7f69c8b5f76a04b6e6113d0d7c5a/Flask-0.12.1-py2.py3-none-any.whl (82kB),,0
	2019-03-25T20:30:06.4430390Z,Collecting pyodbc==4.0.26 (from -r requirements.txt (line 2)),,0
	2019-03-25T20:30:06.8054785Z,  Downloading https://files.pythonhosted.org/packages/d1/28/23557abead9eaf74ceab8ff080bc41dc2ac7b25022b25687fba1e06535cb/pyodbc-4.0.26-cp36-cp36m-win32.whl (55kB),,0
	2019-03-25T20:30:06.8492904Z,Collecting redis==3.2.0 (from -r requirements.txt (line 3)),,0
	2019-03-25T20:30:07.0090631Z,  Downloading https://files.pythonhosted.org/packages/d0/8b/c43ef27d02382853b22c49bc41a8389e47d60811dd1d72b9a45bc905a5f8/redis-3.2.0-py2.py3-none-any.whl (65kB),,0
	2019-03-25T20:30:07.1305423Z,Collecting grpcio==1.14.2 (from -r requirements.txt (line 4)),,0
	2019-03-25T20:30:08.7896345Z,  Downloading https://files.pythonhosted.org/packages/f5/2e/de514e01efd1f1989b9ebc699d5afe42f7a1815ad06144d0383951946a27/grpcio-1.14.2-cp36-cp36m-win32.whl (1.2MB),,0
	2019-03-25T20:30:09.1611956Z,Collecting grpcio-tools==1.14.2 (from -r requirements.txt (line 5)),,0
	2019-03-25T20:30:11.0797379Z,  Downloading https://files.pythonhosted.org/packages/68/77/f34a625bc33a084d89d392aafbf3b3f6cf1e524eca3dd62a1974e29474f6/grpcio_tools-1.14.2-cp36-cp36m-win32.whl (1.2MB),,0
	2019-03-25T20:30:11.2008950Z,Collecting protobuf==3.6.1 (from -r requirements.txt (line 6)),,0
	2019-03-25T20:30:11.5446459Z,  Downloading https://files.pythonhosted.org/packages/23/64/07fe09ea35a7c48b31f9afaa11eb9bab3fe2389a5db70df5601c41e63df3/protobuf-3.6.1-cp36-cp36m-win32.whl (934kB),,0
	2019-03-25T20:30:13.1696554Z,Collecting six==1.12.0 (from -r requirements.txt (line 7)),,0
	2019-03-25T20:30:13.2477801Z,  Downloading https://files.pythonhosted.org/packages/73/fb/00a976f728d0d1fecfe898238ce23f502a721c0ac0ecfedb80e0d88c64e9/six-1.12.0-py2.py3-none-any.whl,,0
	2019-03-25T20:30:13.3278686Z,Collecting azure-functions==1.0.0a5 (from -r requirements.txt (line 8)),,0
	2019-03-25T20:30:13.3278686Z,  Downloading https://files.pythonhosted.org/packages/4a/1f/188f1a80410d48b89db35eed44eddfa56c315e307d9533c984f46fe5471b/azure_functions-1.0.0a5-py3-none-any.whl,,0
	2019-03-25T20:30:13.3278686Z,Collecting azure-functions-worker==1.0.0a6 (from -r requirements.txt (line 9)),,0
	2019-03-25T20:30:13.3750350Z,  Downloading https://files.pythonhosted.org/packages/aa/4f/0e2f1a0f232a01cec13cada0d897265deb0a9bea1d9ea98a7ed955c50f5a/azure_functions_worker-1.0.0a6-py3-none-any.whl (41kB),,0
	2019-03-25T20:30:13.3750350Z,Collecting Jinja2>=2.4 (from Flask==0.12.1->-r requirements.txt (line 1)),,0
	2019-03-25T20:30:13.3884057Z,  Downloading https://files.pythonhosted.org/packages/7f/ff/ae64bacdfc95f27a016a7bed8e8686763ba4d277a78ca76f32659220a731/Jinja2-2.10-py2.py3-none-any.whl (126kB),,0
	2019-03-25T20:30:13.3884057Z,Collecting Werkzeug>=0.7 (from Flask==0.12.1->-r requirements.txt (line 1)),,0
	2019-03-25T20:30:13.4509080Z,  Downloading https://files.pythonhosted.org/packages/24/4d/2fc4e872fbaaf44cc3fd5a9cd42fda7e57c031f08e28c9f35689e8b43198/Werkzeug-0.15.1-py2.py3-none-any.whl (328kB),,0
	2019-03-25T20:30:13.4978481Z,Collecting itsdangerous>=0.21 (from Flask==0.12.1->-r requirements.txt (line 1)),,0
	2019-03-25T20:30:13.4978481Z,  Downloading https://files.pythonhosted.org/packages/76/ae/44b03b253d6fade317f32c24d100b3b35c2239807046a4c953c7b89fa49e/itsdangerous-1.1.0-py2.py3-none-any.whl,,0
	2019-03-25T20:30:13.5134216Z,Collecting click>=2.0 (from Flask==0.12.1->-r requirements.txt (line 1)),,0
	2019-03-25T20:30:13.6540364Z,  Downloading https://files.pythonhosted.org/packages/fa/37/45185cb5abbc30d7257104c434fe0b07e5a195a6847506c074527aa599ec/Click-7.0-py2.py3-none-any.whl (81kB),,0
	2019-03-25T20:30:13.7335622Z,Requirement already satisfied: setuptools in d:\home\site\wwwroot\env\lib\site-packages (from protobuf==3.6.1->-r requirements.txt (line 6)) (39.0.1),,0
	2019-03-25T20:30:13.7647741Z,Collecting MarkupSafe>=0.23 (from Jinja2>=2.4->Flask==0.12.1->-r requirements.txt (line 1)),,0
	2019-03-25T20:30:13.9040350Z,  Downloading https://files.pythonhosted.org/packages/fe/38/1ee869cf77456412512761cbabe9f0e30912c7a4d8bbb726d2393a4d4723/MarkupSafe-1.1.1-cp36-cp36m-win32.whl,,0
	2019-03-25T20:30:14.2321631Z,Installing collected packages: MarkupSafe&comma; Jinja2&comma; Werkzeug&comma; itsdangerous&comma; click&comma; Flask&comma; pyodbc&comma; redis&comma; six&comma; grpcio&comma; protobuf&comma; grpcio-tools&comma; azure-functions&comma; azure-functions-worker,,0
	2019-03-25T20:30:39.6984754Z,Successfully installed Flask-0.12.1 Jinja2-2.10 MarkupSafe-1.1.1 Werkzeug-0.15.1 azure-functions-1.0.0a5 azure-functions-worker-1.0.0a6 click-7.0 grpcio-1.14.2 grpcio-tools-1.14.2 itsdangerous-1.1.0 protobuf-3.6.1 pyodbc-4.0.26 redis-3.2.0 six-1.12.0,,0
	2019-03-25T20:30:40.9146990Z,You are using pip version 10.0.1&comma; however version 19.0.3 is available.,,1
	2019-03-25T20:30:40.9303244Z,You should consider upgrading via the 'python -m pip install --upgrade pip' command.,,1
	2019-03-25T20:30:41.1341862Z,Overwriting web.config with web.3.6.config,,0
	2019-03-25T20:30:41.2123250Z,        1 file(s) copied.,,0
	2019-03-25T20:30:41.2428255Z,Finished successfully.,,0
2019-03-25T20:30:41.3209488Z,Running post deployment command(s)...,e8cbc065-6c50-4e0c-99d0-d91283170b80,0
2019-03-25T20:30:41.4459526Z,Deployment successful.,0604d286-626b-45b0-a848-09cbf37d032f,0
