2019-04-03T19:57:10.0577748Z,Updating submodules.,5432a7ee-7186-46a7-b209-39972339f177,0
2019-04-03T19:57:10.1827840Z,Preparing deployment for commit id '94b6c2e00a'.,c0fc8e37-728b-431a-a864-f9d828cfe8b5,0
2019-04-03T19:57:10.4327975Z,Generating deployment script.,563c5720-49ee-4edb-ba02-b8d93fce2275,0
	2019-04-03T19:57:10.5265481Z,Using cached version of deployment script (command: 'azure -y --no-dot-deployment -r "D:\home\site\repository" -o "D:\home\site\deployments\tools" --python --sitePath "D:\home\site\repository"').,,0
2019-04-03T19:57:10.5734371Z,Running deployment command...,c5d351a6-1c5d-468e-90ea-daa1f3924a4d,0
	2019-04-03T19:57:10.5892403Z,Command: "D:\home\site\deployments\tools\deploy.cmd",,0
	2019-04-03T19:57:13.2925418Z,Handling python deployment.,,0
	2019-04-03T19:57:14.0594288Z,Creating app_offline.htm,,0
	2019-04-03T19:57:14.0736074Z,KuduSync.NET from: 'D:\home\site\repository' to: 'D:\home\site\wwwroot',,0
	2019-04-03T19:57:14.0736074Z,Copying file: 'main.py',,0
	2019-04-03T19:57:14.0906544Z,Deleting app_offline.htm,,0
	2019-04-03T19:57:14.1048545Z,Detected requirements.txt.  You can skip Python specific steps with a .skipPythonDeployment file.,,0
	2019-04-03T19:57:14.5743036Z,Detecting Python runtime from site configuration,,0
	2019-04-03T19:57:14.5743036Z,Detected python-3.6,,0
	2019-04-03T19:57:14.6209061Z,Found compatible virtual environment.,,0
	2019-04-03T19:57:14.6377465Z,Pip install requirements.,,0
	2019-04-03T19:57:21.7075045Z,Requirement already satisfied: Flask in d:\home\site\wwwroot\env\lib\site-packages (from -r requirements.txt (line 1)) (0.12.1),,0
	2019-04-03T19:57:21.7387569Z,Requirement already satisfied: pypyodbc in d:\home\site\wwwroot\env\lib\site-packages (from -r requirements.txt (line 2)) (1.3.4),,0
	2019-04-03T19:57:21.7546868Z,Requirement already satisfied: numpy in d:\home\site\wwwroot\env\lib\site-packages (from -r requirements.txt (line 3)) (1.16.2),,0
	2019-04-03T19:57:21.7856329Z,Requirement already satisfied: scipy in d:\home\site\wwwroot\env\lib\site-packages (from -r requirements.txt (line 5)) (1.2.1),,0
	2019-04-03T19:57:21.8012545Z,Requirement already satisfied: scikit-learn in d:\home\site\wwwroot\env\lib\site-packages (from -r requirements.txt (line 7)) (0.20.3),,0
	2019-04-03T19:57:21.8327556Z,Requirement already satisfied: click>=2.0 in d:\home\site\wwwroot\env\lib\site-packages (from Flask->-r requirements.txt (line 1)) (7.0),,0
	2019-04-03T19:57:21.8642049Z,Requirement already satisfied: itsdangerous>=0.21 in d:\home\site\wwwroot\env\lib\site-packages (from Flask->-r requirements.txt (line 1)) (1.1.0),,0
	2019-04-03T19:57:21.8950423Z,Requirement already satisfied: Jinja2>=2.4 in d:\home\site\wwwroot\env\lib\site-packages (from Flask->-r requirements.txt (line 1)) (2.10),,0
	2019-04-03T19:57:21.9106416Z,Requirement already satisfied: Werkzeug>=0.7 in d:\home\site\wwwroot\env\lib\site-packages (from Flask->-r requirements.txt (line 1)) (0.15.1),,0
	2019-04-03T19:57:21.9731412Z,Requirement already satisfied: setuptools in d:\home\site\wwwroot\env\lib\site-packages (from pypyodbc->-r requirements.txt (line 2)) (39.0.1),,0
	2019-04-03T19:57:22.3325362Z,You are using pip version 10.0.1&comma; however version 19.0.3 is available.,,1
	2019-04-03T19:57:22.3325362Z,You should consider upgrading via the 'python -m pip install --upgrade pip' command.,,1
	2019-04-03T19:57:22.5856645Z,Requirement already satisfied: MarkupSafe>=0.23 in d:\home\site\wwwroot\env\lib\site-packages (from Jinja2>=2.4->Flask->-r requirements.txt (line 1)) (1.1.1),,0
	2019-04-03T19:57:22.5856645Z,Overwriting web.config with web.3.6.config,,0
	2019-04-03T19:57:22.5981694Z,        1 file(s) copied.,,0
	2019-04-03T19:57:22.5981694Z,Finished successfully.,,0
2019-04-03T19:57:22.6622589Z,Running post deployment command(s)...,46ddfea1-7d0b-48b8-a2e1-09d497c954a2,0
2019-04-03T19:57:22.7856908Z,Deployment successful.,5aff9945-3a33-4662-84ee-ba1927fc9aa3,0
